2021-07-07 16:48:14,814 [restartedMain] INFO  o.apache.coyote.http11.Http11NioProtocol           - Starting ProtocolHandler ["http-nio-8099"]
2021-07-07 16:48:14,828 [restartedMain] INFO  o.s.b.w.embedded.tomcat.TomcatWebServer            - Tomcat started on port(s): 8099 (http) with context path ''
2021-07-07 16:48:14,833 [restartedMain] INFO  com.TTS.Java661Application                         - Started Java661Application in 3.883 seconds (JVM running for 46.07)
2021-07-07 16:48:14,837 [restartedMain] INFO  o.s.b.d.a.ConditionEvaluationDeltaLoggingListener  - Condition evaluation unchanged
2021-07-07 16:48:15,978 [http-nio-8099-exec-1] INFO  o.a.c.c.C.[Tomcat].[localhost].[/]                 - Initializing Spring DispatcherServlet 'dispatcherServlet'
2021-07-07 16:48:15,981 [http-nio-8099-exec-1] INFO  o.s.web.servlet.DispatcherServlet                  - Initializing Servlet 'dispatcherServlet'
2021-07-07 16:48:15,982 [http-nio-8099-exec-1] INFO  o.s.web.servlet.DispatcherServlet                  - Completed initialization in 1 ms
2021-07-07 16:48:31,761 [RMI TCP Connection(3)-127.0.0.1] INFO  o.s.b.a.SpringApplicationAdminMXBeanRegistrar$SpringApplicationAdmin - Application shutdown requested.
2021-07-07 16:48:31,791 [RMI TCP Connection(3)-127.0.0.1] INFO  o.s.s.concurrent.ThreadPoolTaskExecutor            - Shutting down ExecutorService 'applicationTaskExecutor'
2021-07-07 16:48:31,792 [RMI TCP Connection(3)-127.0.0.1] INFO  o.s.o.j.LocalContainerEntityManagerFactoryBean     - Closing JPA EntityManagerFactory for persistence unit 'default'
2021-07-07 16:48:31,793 [RMI TCP Connection(3)-127.0.0.1] INFO  com.zaxxer.hikari.HikariDataSource                 - HikariPool-2 - Shutdown initiated...
2021-07-07 16:48:31,796 [RMI TCP Connection(3)-127.0.0.1] INFO  com.zaxxer.hikari.HikariDataSource                 - HikariPool-2 - Shutdown completed.
2021-07-07 16:48:41,820 [background-preinit] INFO  o.h.validator.internal.util.Version                - HV000001: Hibernate Validator 6.1.7.Final
2021-07-07 16:48:41,841 [restartedMain] INFO  com.TTS.Java661Application                         - Starting Java661Application on DESKTOP-66IMDSO with PID 2624 (C:\Users\huy giao su\eclipse-workspace\JAVA66-1\target\classes started by huy giao su in C:\Users\huy giao su\eclipse-workspace\JAVA66-1)
2021-07-07 16:48:41,842 [restartedMain] INFO  com.TTS.Java661Application                         - No active profile set, falling back to default profiles: default
2021-07-07 16:48:41,907 [restartedMain] INFO  o.s.b.d.e.DevToolsPropertyDefaultsPostProcessor    - Devtools property defaults active! Set 'spring.devtools.add-properties' to 'false' to disable
2021-07-07 16:48:41,907 [restartedMain] INFO  o.s.b.d.e.DevToolsPropertyDefaultsPostProcessor    - For additional web related logging consider setting the 'logging.level.web' property to 'DEBUG'
2021-07-07 16:48:42,779 [restartedMain] INFO  o.s.d.r.c.RepositoryConfigurationDelegate          - Bootstrapping Spring Data JPA repositories in DEFAULT mode.
2021-07-07 16:48:42,881 [restartedMain] INFO  o.s.d.r.c.RepositoryConfigurationDelegate          - Finished Spring Data repository scanning in 93ms. Found 1 JPA repository interfaces.
2021-07-07 16:48:43,656 [restartedMain] INFO  o.s.b.w.embedded.tomcat.TomcatWebServer            - Tomcat initialized with port(s): 8099 (http)
2021-07-07 16:48:43,667 [restartedMain] INFO  o.apache.coyote.http11.Http11NioProtocol           - Initializing ProtocolHandler ["http-nio-8099"]
2021-07-07 16:48:43,668 [restartedMain] INFO  org.apache.catalina.core.StandardService           - Starting service [Tomcat]
2021-07-07 16:48:43,668 [restartedMain] INFO  org.apache.catalina.core.StandardEngine            - Starting Servlet engine: [Apache Tomcat/9.0.46]
2021-07-07 16:48:43,825 [restartedMain] INFO  o.a.c.c.C.[Tomcat].[localhost].[/]                 - Initializing Spring embedded WebApplicationContext
2021-07-07 16:48:43,825 [restartedMain] INFO  o.s.b.w.s.c.ServletWebServerApplicationContext     - Root WebApplicationContext: initialization completed in 1917 ms
2021-07-07 16:48:44,020 [restartedMain] INFO  o.hibernate.jpa.internal.util.LogHelper            - HHH000204: Processing PersistenceUnitInfo [name: default]
2021-07-07 16:48:44,093 [restartedMain] INFO  org.hibernate.Version                              - HHH000412: Hibernate ORM core version 5.4.32.Final
2021-07-07 16:48:44,255 [restartedMain] INFO  org.hibernate.annotations.common.Version           - HCANN000001: Hibernate Commons Annotations {5.1.2.Final}
2021-07-07 16:48:44,375 [restartedMain] INFO  com.zaxxer.hikari.HikariDataSource                 - HikariPool-1 - Starting...
2021-07-07 16:48:44,882 [restartedMain] INFO  com.zaxxer.hikari.HikariDataSource                 - HikariPool-1 - Start completed.
2021-07-07 16:48:44,897 [restartedMain] INFO  org.hibernate.dialect.Dialect                      - HHH000400: Using dialect: org.hibernate.dialect.MySQL5Dialect
2021-07-07 16:48:46,810 [restartedMain] INFO  o.h.e.t.j.p.i.JtaPlatformInitiator                 - HHH000490: Using JtaPlatform implementation: [org.hibernate.engine.transaction.jta.platform.internal.NoJtaPlatform]
2021-07-07 16:48:46,821 [restartedMain] INFO  o.s.o.j.LocalContainerEntityManagerFactoryBean     - Initialized JPA EntityManagerFactory for persistence unit 'default'
2021-07-07 16:48:46,856 [restartedMain] INFO  o.s.b.d.a.OptionalLiveReloadServer                 - LiveReload server is running on port 35729
2021-07-07 16:48:47,287 [restartedMain] WARN  o.s.b.a.o.j.JpaBaseConfiguration$JpaWebConfiguration - spring.jpa.open-in-view is enabled by default. Therefore, database queries may be performed during view rendering. Explicitly configure spring.jpa.open-in-view to disable this warning
2021-07-07 16:48:47,458 [restartedMain] INFO  o.s.s.concurrent.ThreadPoolTaskExecutor            - Initializing ExecutorService 'applicationTaskExecutor'
2021-07-07 16:48:47,703 [restartedMain] INFO  o.s.b.a.s.s.UserDetailsServiceAutoConfiguration    - 

Using generated security password: 4bb63a81-ee10-412d-9278-4472d2608e0b

2021-07-07 16:48:47,804 [restartedMain] INFO  o.s.s.web.DefaultSecurityFilterChain               - Creating filter chain: any request, [org.springframework.security.web.context.request.async.WebAsyncManagerIntegrationFilter@6d9ff68a, org.springframework.security.web.context.SecurityContextPersistenceFilter@ab489ea, org.springframework.security.web.header.HeaderWriterFilter@650251da, org.springframework.security.web.csrf.CsrfFilter@3303fcf1, org.springframework.security.web.authentication.logout.LogoutFilter@75119a67, org.springframework.security.web.authentication.UsernamePasswordAuthenticationFilter@7b796907, org.springframework.security.web.authentication.ui.DefaultLoginPageGeneratingFilter@1db3d658, org.springframework.security.web.authentication.ui.DefaultLogoutPageGeneratingFilter@5506b001, org.springframework.security.web.authentication.www.BasicAuthenticationFilter@4e5edd27, org.springframework.security.web.savedrequest.RequestCacheAwareFilter@7d7014c3, org.springframework.security.web.servletapi.SecurityContextHolderAwareRequestFilter@6dfe6a85, org.springframework.security.web.authentication.AnonymousAuthenticationFilter@1f20c97e, org.springframework.security.web.session.SessionManagementFilter@2907129d, org.springframework.security.web.access.ExceptionTranslationFilter@6ec60fb0, org.springframework.security.web.access.intercept.FilterSecurityInterceptor@2ef3aad3]
2021-07-07 16:48:47,862 [restartedMain] INFO  o.apache.coyote.http11.Http11NioProtocol           - Starting ProtocolHandler ["http-nio-8099"]
2021-07-07 16:48:47,892 [restartedMain] INFO  o.s.b.w.embedded.tomcat.TomcatWebServer            - Tomcat started on port(s): 8099 (http) with context path ''
2021-07-07 16:48:47,902 [restartedMain] INFO  com.TTS.Java661Application                         - Started Java661Application in 6.531 seconds (JVM running for 7.454)
2021-07-07 16:51:39,724 [Thread-4] INFO  o.s.s.concurrent.ThreadPoolTaskExecutor            - Shutting down ExecutorService 'applicationTaskExecutor'
2021-07-07 16:51:39,726 [Thread-4] INFO  o.s.o.j.LocalContainerEntityManagerFactoryBean     - Closing JPA EntityManagerFactory for persistence unit 'default'
2021-07-07 16:51:39,731 [Thread-4] INFO  com.zaxxer.hikari.HikariDataSource                 - HikariPool-1 - Shutdown initiated...
2021-07-07 16:51:39,738 [Thread-4] INFO  com.zaxxer.hikari.HikariDataSource                 - HikariPool-1 - Shutdown completed.
2021-07-07 16:51:39,941 [restartedMain] INFO  com.TTS.Java661Application                         - Starting Java661Application on DESKTOP-66IMDSO with PID 2624 (C:\Users\huy giao su\eclipse-workspace\JAVA66-1\target\classes started by huy giao su in C:\Users\huy giao su\eclipse-workspace\JAVA66-1)
2021-07-07 16:51:39,941 [restartedMain] INFO  com.TTS.Java661Application                         - No active profile set, falling back to default profiles: default
2021-07-07 16:51:40,316 [restartedMain] INFO  o.s.d.r.c.RepositoryConfigurationDelegate          - Bootstrapping Spring Data JPA repositories in DEFAULT mode.
2021-07-07 16:51:40,343 [restartedMain] INFO  o.s.d.r.c.RepositoryConfigurationDelegate          - Finished Spring Data repository scanning in 25ms. Found 1 JPA repository interfaces.
2021-07-07 16:51:40,470 [restartedMain] INFO  o.s.b.w.embedded.tomcat.TomcatWebServer            - Tomcat initialized with port(s): 8099 (http)
2021-07-07 16:51:40,471 [restartedMain] INFO  o.apache.coyote.http11.Http11NioProtocol           - Initializing ProtocolHandler ["http-nio-8099"]
2021-07-07 16:51:40,471 [restartedMain] INFO  org.apache.catalina.core.StandardService           - Starting service [Tomcat]
2021-07-07 16:51:40,471 [restartedMain] INFO  org.apache.catalina.core.StandardEngine            - Starting Servlet engine: [Apache Tomcat/9.0.46]
2021-07-07 16:51:40,507 [restartedMain] INFO  o.a.c.c.C.[Tomcat].[localhost].[/]                 - Initializing Spring embedded WebApplicationContext
2021-07-07 16:51:40,507 [restartedMain] INFO  o.s.b.w.s.c.ServletWebServerApplicationContext     - Root WebApplicationContext: initialization completed in 560 ms
2021-07-07 16:51:40,564 [restartedMain] INFO  o.hibernate.jpa.internal.util.LogHelper            - HHH000204: Processing PersistenceUnitInfo [name: default]
2021-07-07 16:51:40,573 [restartedMain] INFO  com.zaxxer.hikari.HikariDataSource                 - HikariPool-2 - Starting...
2021-07-07 16:51:41,171 [restartedMain] INFO  com.zaxxer.hikari.HikariDataSource                 - HikariPool-2 - Start completed.
2021-07-07 16:51:41,172 [restartedMain] INFO  org.hibernate.dialect.Dialect                      - HHH000400: Using dialect: org.hibernate.dialect.MySQL5Dialect
2021-07-07 16:51:44,360 [restartedMain] INFO  o.h.e.t.j.p.i.JtaPlatformInitiator                 - HHH000490: Using JtaPlatform implementation: [org.hibernate.engine.transaction.jta.platform.internal.NoJtaPlatform]
2021-07-07 16:51:44,361 [restartedMain] INFO  o.s.o.j.LocalContainerEntityManagerFactoryBean     - Initialized JPA EntityManagerFactory for persistence unit 'default'
2021-07-07 16:51:44,373 [restartedMain] INFO  o.s.b.d.a.OptionalLiveReloadServer                 - LiveReload server is running on port 35729
2021-07-07 16:51:44,488 [restartedMain] WARN  o.s.b.a.o.j.JpaBaseConfiguration$JpaWebConfiguration - spring.jpa.open-in-view is enabled by default. Therefore, database queries may be performed during view rendering. Explicitly configure spring.jpa.open-in-view to disable this warning
2021-07-07 16:51:44,537 [restartedMain] INFO  o.s.s.concurrent.ThreadPoolTaskExecutor            - Initializing ExecutorService 'applicationTaskExecutor'
2021-07-07 16:51:44,609 [restartedMain] INFO  o.s.b.a.s.s.UserDetailsServiceAutoConfiguration    - 

Using generated security password: cf83ff0a-f3ac-470b-bec0-6a6f101e161b

2021-07-07 16:51:44,622 [restartedMain] INFO  o.s.s.web.DefaultSecurityFilterChain               - Creating filter chain: any request, [org.springframework.security.web.context.request.async.WebAsyncManagerIntegrationFilter@75a45b45, org.springframework.security.web.context.SecurityContextPersistenceFilter@2140866, org.springframework.security.web.header.HeaderWriterFilter@27a6f922, org.springframework.security.web.csrf.CsrfFilter@3dbb3e1, org.springframework.security.web.authentication.logout.LogoutFilter@663ba72, org.springframework.security.web.authentication.UsernamePasswordAuthenticationFilter@a0db44a, org.springframework.security.web.authentication.ui.DefaultLoginPageGeneratingFilter@749c14d1, org.springframework.security.web.authentication.ui.DefaultLogoutPageGeneratingFilter@e107821, org.springframework.security.web.authentication.www.BasicAuthenticationFilter@499d09ac, org.springframework.security.web.savedrequest.RequestCacheAwareFilter@4f23ef2c, org.springframework.security.web.servletapi.SecurityContextHolderAwareRequestFilter@5fdc6003, org.springframework.security.web.authentication.AnonymousAuthenticationFilter@6958324d, org.springframework.security.web.session.SessionManagementFilter@5c8eecad, org.springframework.security.web.access.ExceptionTranslationFilter@7cd63595, org.springframework.security.web.access.intercept.FilterSecurityInterceptor@285a62a2]
2021-07-07 16:51:44,653 [restartedMain] INFO  o.apache.coyote.http11.Http11NioProtocol           - Starting ProtocolHandler ["http-nio-8099"]
2021-07-07 16:51:44,657 [restartedMain] INFO  o.s.b.w.embedded.tomcat.TomcatWebServer            - Tomcat started on port(s): 8099 (http) with context path ''
2021-07-07 16:51:44,662 [restartedMain] INFO  com.TTS.Java661Application                         - Started Java661Application in 4.789 seconds (JVM running for 184.214)
2021-07-07 16:51:44,665 [restartedMain] INFO  o.s.b.d.a.ConditionEvaluationDeltaLoggingListener  - Condition evaluation unchanged
2021-07-07 16:51:44,888 [http-nio-8099-exec-1] INFO  o.a.c.c.C.[Tomcat].[localhost].[/]                 - Initializing Spring DispatcherServlet 'dispatcherServlet'
2021-07-07 16:51:44,888 [http-nio-8099-exec-1] INFO  o.s.web.servlet.DispatcherServlet                  - Initializing Servlet 'dispatcherServlet'
2021-07-07 16:51:44,894 [http-nio-8099-exec-1] INFO  o.s.web.servlet.DispatcherServlet                  - Completed initialization in 6 ms
2021-07-07 16:51:57,838 [RMI TCP Connection(4)-127.0.0.1] INFO  o.s.b.a.SpringApplicationAdminMXBeanRegistrar$SpringApplicationAdmin - Application shutdown requested.
2021-07-07 16:51:57,870 [RMI TCP Connection(4)-127.0.0.1] INFO  o.s.s.concurrent.ThreadPoolTaskExecutor            - Shutting down ExecutorService 'applicationTaskExecutor'
2021-07-07 16:51:57,871 [RMI TCP Connection(4)-127.0.0.1] INFO  o.s.o.j.LocalContainerEntityManagerFactoryBean     - Closing JPA EntityManagerFactory for persistence unit 'default'
2021-07-07 16:51:57,872 [RMI TCP Connection(4)-127.0.0.1] INFO  com.zaxxer.hikari.HikariDataSource                 - HikariPool-2 - Shutdown initiated...
2021-07-07 16:51:57,875 [RMI TCP Connection(4)-127.0.0.1] INFO  com.zaxxer.hikari.HikariDataSource                 - HikariPool-2 - Shutdown completed.
2021-07-07 16:52:07,984 [background-preinit] INFO  o.h.validator.internal.util.Version                - HV000001: Hibernate Validator 6.1.7.Final
2021-07-07 16:52:07,997 [restartedMain] INFO  com.TTS.Java661Application                         - Starting Java661Application on DESKTOP-66IMDSO with PID 7572 (C:\Users\huy giao su\eclipse-workspace\JAVA66-1\target\classes started by huy giao su in C:\Users\huy giao su\eclipse-workspace\JAVA66-1)
2021-07-07 16:52:07,998 [restartedMain] INFO  com.TTS.Java661Application                         - No active profile set, falling back to default profiles: default
2021-07-07 16:52:08,051 [restartedMain] INFO  o.s.b.d.e.DevToolsPropertyDefaultsPostProcessor    - Devtools property defaults active! Set 'spring.devtools.add-properties' to 'false' to disable
2021-07-07 16:52:08,051 [restartedMain] INFO  o.s.b.d.e.DevToolsPropertyDefaultsPostProcessor    - For additional web related logging consider setting the 'logging.level.web' property to 'DEBUG'
2021-07-07 16:52:08,895 [restartedMain] INFO  o.s.d.r.c.RepositoryConfigurationDelegate          - Bootstrapping Spring Data JPA repositories in DEFAULT mode.
2021-07-07 16:52:08,982 [restartedMain] INFO  o.s.d.r.c.RepositoryConfigurationDelegate          - Finished Spring Data repository scanning in 78ms. Found 1 JPA repository interfaces.
2021-07-07 16:52:09,621 [restartedMain] INFO  o.s.b.w.embedded.tomcat.TomcatWebServer            - Tomcat initialized with port(s): 8099 (http)
2021-07-07 16:52:09,633 [restartedMain] INFO  o.apache.coyote.http11.Http11NioProtocol           - Initializing ProtocolHandler ["http-nio-8099"]
2021-07-07 16:52:09,634 [restartedMain] INFO  org.apache.catalina.core.StandardService           - Starting service [Tomcat]
2021-07-07 16:52:09,634 [restartedMain] INFO  org.apache.catalina.core.StandardEngine            - Starting Servlet engine: [Apache Tomcat/9.0.46]
2021-07-07 16:52:09,769 [restartedMain] INFO  o.a.c.c.C.[Tomcat].[localhost].[/]                 - Initializing Spring embedded WebApplicationContext
2021-07-07 16:52:09,770 [restartedMain] INFO  o.s.b.w.s.c.ServletWebServerApplicationContext     - Root WebApplicationContext: initialization completed in 1717 ms
2021-07-07 16:52:09,960 [restartedMain] INFO  o.hibernate.jpa.internal.util.LogHelper            - HHH000204: Processing PersistenceUnitInfo [name: default]
2021-07-07 16:52:10,009 [restartedMain] INFO  org.hibernate.Version                              - HHH000412: Hibernate ORM core version 5.4.32.Final
2021-07-07 16:52:10,133 [restartedMain] INFO  org.hibernate.annotations.common.Version           - HCANN000001: Hibernate Commons Annotations {5.1.2.Final}
2021-07-07 16:52:10,246 [restartedMain] INFO  com.zaxxer.hikari.HikariDataSource                 - HikariPool-1 - Starting...
2021-07-07 16:52:10,943 [restartedMain] INFO  com.zaxxer.hikari.HikariDataSource                 - HikariPool-1 - Start completed.
2021-07-07 16:52:10,955 [restartedMain] INFO  org.hibernate.dialect.Dialect                      - HHH000400: Using dialect: org.hibernate.dialect.MySQL5Dialect
2021-07-07 16:52:14,246 [restartedMain] INFO  o.h.e.t.j.p.i.JtaPlatformInitiator                 - HHH000490: Using JtaPlatform implementation: [org.hibernate.engine.transaction.jta.platform.internal.NoJtaPlatform]
2021-07-07 16:52:14,258 [restartedMain] INFO  o.s.o.j.LocalContainerEntityManagerFactoryBean     - Initialized JPA EntityManagerFactory for persistence unit 'default'
2021-07-07 16:52:14,294 [restartedMain] INFO  o.s.b.d.a.OptionalLiveReloadServer                 - LiveReload server is running on port 35729
2021-07-07 16:52:14,736 [restartedMain] WARN  o.s.b.a.o.j.JpaBaseConfiguration$JpaWebConfiguration - spring.jpa.open-in-view is enabled by default. Therefore, database queries may be performed during view rendering. Explicitly configure spring.jpa.open-in-view to disable this warning
2021-07-07 16:52:14,893 [restartedMain] INFO  o.s.s.concurrent.ThreadPoolTaskExecutor            - Initializing ExecutorService 'applicationTaskExecutor'
2021-07-07 16:52:15,108 [restartedMain] INFO  o.s.b.a.s.s.UserDetailsServiceAutoConfiguration    - 

Using generated security password: 5928cc72-8a3c-4566-a4dc-e062d7e82174

2021-07-07 16:52:15,199 [restartedMain] INFO  o.s.s.web.DefaultSecurityFilterChain               - Creating filter chain: any request, [org.springframework.security.web.context.request.async.WebAsyncManagerIntegrationFilter@67a42511, org.springframework.security.web.context.SecurityContextPersistenceFilter@92aa529, org.springframework.security.web.header.HeaderWriterFilter@1a2d4c9, org.springframework.security.web.csrf.CsrfFilter@7bb3f570, org.springframework.security.web.authentication.logout.LogoutFilter@3797669f, org.springframework.security.web.authentication.UsernamePasswordAuthenticationFilter@420a0172, org.springframework.security.web.authentication.ui.DefaultLoginPageGeneratingFilter@2d3fa34d, org.springframework.security.web.authentication.ui.DefaultLogoutPageGeneratingFilter@4e5edd27, org.springframework.security.web.authentication.www.BasicAuthenticationFilter@7b796907, org.springframework.security.web.savedrequest.RequestCacheAwareFilter@6ec60fb0, org.springframework.security.web.servletapi.SecurityContextHolderAwareRequestFilter@52336a01, org.springframework.security.web.authentication.AnonymousAuthenticationFilter@56316135, org.springframework.security.web.session.SessionManagementFilter@6bed6486, org.springframework.security.web.access.ExceptionTranslationFilter@2fdcbe67, org.springframework.security.web.access.intercept.FilterSecurityInterceptor@35e3eedd]
2021-07-07 16:52:15,253 [restartedMain] INFO  o.apache.coyote.http11.Http11NioProtocol           - Starting ProtocolHandler ["http-nio-8099"]
2021-07-07 16:52:15,281 [restartedMain] INFO  o.s.b.w.embedded.tomcat.TomcatWebServer            - Tomcat started on port(s): 8099 (http) with context path ''
2021-07-07 16:52:15,291 [restartedMain] INFO  com.TTS.Java661Application                         - Started Java661Application in 7.713 seconds (JVM running for 8.619)
2021-07-07 16:52:17,917 [http-nio-8099-exec-1] INFO  o.a.c.c.C.[Tomcat].[localhost].[/]                 - Initializing Spring DispatcherServlet 'dispatcherServlet'
2021-07-07 16:52:17,917 [http-nio-8099-exec-1] INFO  o.s.web.servlet.DispatcherServlet                  - Initializing Servlet 'dispatcherServlet'
2021-07-07 16:52:17,927 [http-nio-8099-exec-1] INFO  o.s.web.servlet.DispatcherServlet                  - Completed initialization in 9 ms
2021-07-07 16:53:07,470 [Thread-4] INFO  o.s.s.concurrent.ThreadPoolTaskExecutor            - Shutting down ExecutorService 'applicationTaskExecutor'
2021-07-07 16:53:07,471 [Thread-4] INFO  o.s.o.j.LocalContainerEntityManagerFactoryBean     - Closing JPA EntityManagerFactory for persistence unit 'default'
2021-07-07 16:53:07,475 [Thread-4] INFO  com.zaxxer.hikari.HikariDataSource                 - HikariPool-1 - Shutdown initiated...
2021-07-07 16:53:07,482 [Thread-4] INFO  com.zaxxer.hikari.HikariDataSource                 - HikariPool-1 - Shutdown completed.
2021-07-07 16:53:07,589 [restartedMain] INFO  com.TTS.Java661Application                         - Starting Java661Application on DESKTOP-66IMDSO with PID 7572 (C:\Users\huy giao su\eclipse-workspace\JAVA66-1\target\classes started by huy giao su in C:\Users\huy giao su\eclipse-workspace\JAVA66-1)
2021-07-07 16:53:07,591 [restartedMain] INFO  com.TTS.Java661Application                         - No active profile set, falling back to default profiles: default
2021-07-07 16:53:07,919 [restartedMain] INFO  o.s.d.r.c.RepositoryConfigurationDelegate          - Bootstrapping Spring Data JPA repositories in DEFAULT mode.
2021-07-07 16:53:07,945 [restartedMain] INFO  o.s.d.r.c.RepositoryConfigurationDelegate          - Finished Spring Data repository scanning in 26ms. Found 1 JPA repository interfaces.
2021-07-07 16:53:08,072 [restartedMain] INFO  o.s.b.w.embedded.tomcat.TomcatWebServer            - Tomcat initialized with port(s): 8099 (http)
2021-07-07 16:53:08,073 [restartedMain] INFO  o.apache.coyote.http11.Http11NioProtocol           - Initializing ProtocolHandler ["http-nio-8099"]
2021-07-07 16:53:08,073 [restartedMain] INFO  org.apache.catalina.core.StandardService           - Starting service [Tomcat]
2021-07-07 16:53:08,074 [restartedMain] INFO  org.apache.catalina.core.StandardEngine            - Starting Servlet engine: [Apache Tomcat/9.0.46]
2021-07-07 16:53:08,119 [restartedMain] INFO  o.a.c.c.C.[Tomcat].[localhost].[/]                 - Initializing Spring embedded WebApplicationContext
2021-07-07 16:53:08,120 [restartedMain] INFO  o.s.b.w.s.c.ServletWebServerApplicationContext     - Root WebApplicationContext: initialization completed in 521 ms
2021-07-07 16:53:08,184 [restartedMain] INFO  o.hibernate.jpa.internal.util.LogHelper            - HHH000204: Processing PersistenceUnitInfo [name: default]
2021-07-07 16:53:08,195 [restartedMain] INFO  com.zaxxer.hikari.HikariDataSource                 - HikariPool-2 - Starting...
2021-07-07 16:53:08,747 [restartedMain] INFO  com.zaxxer.hikari.HikariDataSource                 - HikariPool-2 - Start completed.
2021-07-07 16:53:08,748 [restartedMain] INFO  org.hibernate.dialect.Dialect                      - HHH000400: Using dialect: org.hibernate.dialect.MySQL5Dialect
2021-07-07 16:53:10,694 [restartedMain] INFO  o.h.e.t.j.p.i.JtaPlatformInitiator                 - HHH000490: Using JtaPlatform implementation: [org.hibernate.engine.transaction.jta.platform.internal.NoJtaPlatform]
2021-07-07 16:53:10,695 [restartedMain] INFO  o.s.o.j.LocalContainerEntityManagerFactoryBean     - Initialized JPA EntityManagerFactory for persistence unit 'default'
2021-07-07 16:53:10,713 [restartedMain] INFO  o.s.b.d.a.OptionalLiveReloadServer                 - LiveReload server is running on port 35729
2021-07-07 16:53:10,862 [restartedMain] WARN  o.s.b.a.o.j.JpaBaseConfiguration$JpaWebConfiguration - spring.jpa.open-in-view is enabled by default. Therefore, database queries may be performed during view rendering. Explicitly configure spring.jpa.open-in-view to disable this warning
2021-07-07 16:53:10,918 [restartedMain] INFO  o.s.s.concurrent.ThreadPoolTaskExecutor            - Initializing ExecutorService 'applicationTaskExecutor'
2021-07-07 16:53:11,020 [restartedMain] INFO  o.s.b.a.s.s.UserDetailsServiceAutoConfiguration    - 

Using generated security password: 01f3326d-ad2b-4022-af5d-981bbf3024f1

2021-07-07 16:53:11,035 [restartedMain] INFO  o.s.s.web.DefaultSecurityFilterChain               - Creating filter chain: any request, [org.springframework.security.web.context.request.async.WebAsyncManagerIntegrationFilter@2096500b, org.springframework.security.web.context.SecurityContextPersistenceFilter@16b30035, org.springframework.security.web.header.HeaderWriterFilter@37b0563f, org.springframework.security.web.csrf.CsrfFilter@6527dde6, org.springframework.security.web.authentication.logout.LogoutFilter@4ebd4f42, org.springframework.security.web.authentication.UsernamePasswordAuthenticationFilter@41e6952f, org.springframework.security.web.authentication.ui.DefaultLoginPageGeneratingFilter@770b301c, org.springframework.security.web.authentication.ui.DefaultLogoutPageGeneratingFilter@1f798866, org.springframework.security.web.authentication.www.BasicAuthenticationFilter@27655c07, org.springframework.security.web.savedrequest.RequestCacheAwareFilter@e37214d, org.springframework.security.web.servletapi.SecurityContextHolderAwareRequestFilter@3b038f1a, org.springframework.security.web.authentication.AnonymousAuthenticationFilter@6ac3294b, org.springframework.security.web.session.SessionManagementFilter@4d202c9a, org.springframework.security.web.access.ExceptionTranslationFilter@39243711, org.springframework.security.web.access.intercept.FilterSecurityInterceptor@23739473]
2021-07-07 16:53:11,070 [restartedMain] INFO  o.apache.coyote.http11.Http11NioProtocol           - Starting ProtocolHandler ["http-nio-8099"]
2021-07-07 16:53:11,073 [restartedMain] INFO  o.s.b.w.embedded.tomcat.TomcatWebServer            - Tomcat started on port(s): 8099 (http) with context path ''
2021-07-07 16:53:11,079 [restartedMain] INFO  com.TTS.Java661Application                         - Started Java661Application in 3.541 seconds (JVM running for 64.407)
2021-07-07 16:53:11,081 [restartedMain] INFO  o.s.b.d.a.ConditionEvaluationDeltaLoggingListener  - Condition evaluation unchanged
2021-07-07 16:53:12,641 [RMI TCP Connection(4)-127.0.0.1] INFO  o.s.b.a.SpringApplicationAdminMXBeanRegistrar$SpringApplicationAdmin - Application shutdown requested.
2021-07-07 16:53:12,667 [RMI TCP Connection(4)-127.0.0.1] INFO  o.s.s.concurrent.ThreadPoolTaskExecutor            - Shutting down ExecutorService 'applicationTaskExecutor'
2021-07-07 16:53:12,668 [RMI TCP Connection(4)-127.0.0.1] INFO  o.s.o.j.LocalContainerEntityManagerFactoryBean     - Closing JPA EntityManagerFactory for persistence unit 'default'
2021-07-07 16:53:12,669 [RMI TCP Connection(4)-127.0.0.1] INFO  com.zaxxer.hikari.HikariDataSource                 - HikariPool-2 - Shutdown initiated...
2021-07-07 16:53:12,805 [RMI TCP Connection(4)-127.0.0.1] INFO  com.zaxxer.hikari.HikariDataSource                 - HikariPool-2 - Shutdown completed.
